examples/example1/proguard/mapping.txt
com.nolanlawson.couchdroid.example1.BuildConfig -> com.nolanlawson.couchdroid.example1.BuildConfig:
    boolean DEBUG -> DEBUG
com.nolanlawson.couchdroid.example1.MainActivity -> com.nolanlawson.couchdroid.example1.MainActivity:
    java.lang.String COUCHDB_URL -> COUCHDB_URL
    int EXPECTED_COUNT -> EXPECTED_COUNT
    boolean RANDOMIZE_DB -> RANDOMIZE_DB
    boolean LOAD_ONLY_ONE_MONSTER -> LOAD_ONLY_ONE_MONSTER
    android.database.sqlite.SQLiteDatabase sqliteDatabase -> sqliteDatabase
    long startTime -> startTime
    android.widget.TextView text -> text
    android.widget.ProgressBar progress -> progress
    android.widget.ProgressBar progressIndeterminate -> progressIndeterminate
    void onCreate(android.os.Bundle) -> onCreate
    void onCouchDroidReady(com.nolanlawson.couchdroid.CouchDroidRuntime) -> onCouchDroidReady
    void onPause() -> onPause
    void loadPokemonData() -> loadPokemonData
    void onProgress(com.nolanlawson.couchdroid.migration.CouchDroidProgressListener$ProgressType,java.lang.String,int,int) -> onProgress
    void access$0(com.nolanlawson.couchdroid.example1.MainActivity) -> access$0
    android.widget.TextView access$1(com.nolanlawson.couchdroid.example1.MainActivity) -> access$1
    void access$2(com.nolanlawson.couchdroid.example1.MainActivity,long) -> access$2
    android.database.sqlite.SQLiteDatabase access$3(com.nolanlawson.couchdroid.example1.MainActivity) -> access$3
com.nolanlawson.couchdroid.example1.MainActivity$1 -> com.nolanlawson.couchdroid.example1.MainActivity$1:
    com.nolanlawson.couchdroid.example1.MainActivity this$0 -> this$0
    com.nolanlawson.couchdroid.CouchDroidRuntime val$runtime -> val$runtime
    java.lang.Void doInBackground(java.lang.Void[]) -> doInBackground
    void onPostExecute(java.lang.Void) -> onPostExecute
    void onPostExecute(java.lang.Object) -> onPostExecute
    java.lang.Object doInBackground(java.lang.Object[]) -> doInBackground
com.nolanlawson.couchdroid.example1.PocketMonsterHelper -> com.nolanlawson.couchdroid.example1.PocketMonsterHelper:
    java.util.List readInPocketMonsters(android.content.Context) -> readInPocketMonsters
com.nolanlawson.couchdroid.example1.R -> com.nolanlawson.couchdroid.example1.R:
com.nolanlawson.couchdroid.example1.R$attr -> com.nolanlawson.couchdroid.example1.R$attr:
com.nolanlawson.couchdroid.example1.R$color -> com.nolanlawson.couchdroid.example1.R$color:
    int alert_blue -> alert_blue
    int alert_red -> alert_red
com.nolanlawson.couchdroid.example1.R$dimen -> com.nolanlawson.couchdroid.example1.R$dimen:
    int activity_horizontal_margin -> activity_horizontal_margin
    int activity_vertical_margin -> activity_vertical_margin
com.nolanlawson.couchdroid.example1.R$drawable -> com.nolanlawson.couchdroid.example1.R$drawable:
    int ic_launcher -> ic_launcher
com.nolanlawson.couchdroid.example1.R$id -> com.nolanlawson.couchdroid.example1.R$id:
    int action_foo -> action_foo
    int progress_indeterminate -> progress_indeterminate
com.nolanlawson.couchdroid.example1.R$layout -> com.nolanlawson.couchdroid.example1.R$layout:
    int activity_main -> activity_main
com.nolanlawson.couchdroid.example1.R$menu -> com.nolanlawson.couchdroid.example1.R$menu:
    int main -> main
com.nolanlawson.couchdroid.example1.R$raw -> com.nolanlawson.couchdroid.example1.R$raw:
    int couchdroid -> couchdroid
    int couchdroid_min -> couchdroid_min
    int pokemon -> pokemon
    int pouchdb -> pouchdb
    int pouchdb_min -> pouchdb_min
com.nolanlawson.couchdroid.example1.R$string -> com.nolanlawson.couchdroid.example1.R$string:
    int action_settings -> action_settings
    int app_name -> app_name
    int hello_world -> hello_world
com.nolanlawson.couchdroid.example1.R$style -> com.nolanlawson.couchdroid.example1.R$style:
    int AppBaseTheme -> AppBaseTheme
    int AppTheme -> AppTheme
...
org.codehaus.jackson.map.ser.PropertyBuilder$EmptyArrayChecker -> org.codehaus.jackson.map.ser.PropertyBuilder$EmptyArrayChecker:
    boolean equals(java.lang.Object) -> equals
org.codehaus.jackson.map.ser.PropertyBuilder$EmptyCollectionChecker -> org.codehaus.jackson.map.ser.PropertyBuilder$EmptyCollectionChecker:
    boolean equals(java.lang.Object) -> equals
org.codehaus.jackson.map.ser.PropertyBuilder$EmptyMapChecker -> org.codehaus.jackson.map.ser.PropertyBuilder$EmptyMapChecker:
    boolean equals(java.lang.Object) -> equals
org.codehaus.jackson.map.ser.PropertyBuilder$EmptyStringChecker -> org.codehaus.jackson.map.ser.PropertyBuilder$EmptyStringChecker:
    boolean equals(java.lang.Object) -> equals
org.codehaus.jackson.map.ser.SerializerBase -> org.codehaus.jackson.map.ser.SerializerBase:
org.codehaus.jackson.map.ser.StdSerializerProvider -> org.codehaus.jackson.map.ser.StdSerializerProvider:
    org.codehaus.jackson.map.JsonSerializer DEFAULT_NULL_KEY_SERIALIZER -> DEFAULT_NULL_KEY_SERIALIZER
    org.codehaus.jackson.map.JsonSerializer DEFAULT_KEY_SERIALIZER -> DEFAULT_KEY_SERIALIZER
    org.codehaus.jackson.map.JsonSerializer DEFAULT_UNKNOWN_SERIALIZER -> DEFAULT_UNKNOWN_SERIALIZER
    org.codehaus.jackson.map.SerializerFactory _serializerFactory -> _serializerFactory
    org.codehaus.jackson.map.ser.impl.SerializerCache _serializerCache -> _serializerCache
    org.codehaus.jackson.map.util.RootNameLookup _rootNames -> _rootNames
    org.codehaus.jackson.map.JsonSerializer _unknownTypeSerializer -> _unknownTypeSerializer
    org.codehaus.jackson.map.JsonSerializer _keySerializer -> _keySerializer
    org.codehaus.jackson.map.JsonSerializer _nullValueSerializer -> _nullValueSerializer
    org.codehaus.jackson.map.JsonSerializer _nullKeySerializer -> _nullKeySerializer
    org.codehaus.jackson.map.ser.impl.ReadOnlyClassToSerializerMap _knownSerializers -> _knownSerializers
    java.text.DateFormat _dateFormat -> _dateFormat
    org.codehaus.jackson.map.ser.StdSerializerProvider createInstance(org.codehaus.jackson.map.SerializationConfig,org.codehaus.jackson.map.SerializerFactory) -> createInstance
org.codehaus.jackson.map.ser.StdSerializerProvider$WrappedSerializer -> org.codehaus.jackson.map.ser.StdSerializerProvider$WrappedSerializer:
    org.codehaus.jackson.map.TypeSerializer _typeSerializer -> _typeSerializer
    org.codehaus.jackson.map.JsonSerializer _serializer -> _serializer
    void serialize(java.lang.Object,org.codehaus.jackson.JsonGenerator,org.codehaus.jackson.map.SerializerProvider) -> serialize
    void serializeWithType(java.lang.Object,org.codehaus.jackson.JsonGenerator,org.codehaus.jackson.map.SerializerProvider,org.codehaus.jackson.map.TypeSerializer) -> serializeWithType
    java.lang.Class handledType() -> handledType
org.codehaus.jackson.map.ser.StdSerializers -> org.codehaus.jackson.map.ser.StdSerializers:
org.codehaus.jackson.map.ser.StdSerializers$BooleanSerializer -> org.codehaus.jackson.map.ser.StdSerializers$BooleanSerializer:
    boolean _forPrimitive -> _forPrimitive
    void serialize(java.lang.Boolean,org.codehaus.jackson.JsonGenerator,org.codehaus.jackson.map.SerializerProvider) -> serialize
    void serialize(java.lang.Object,org.codehaus.jackson.JsonGenerator,org.codehaus.jackson.map.SerializerProvider) -> serialize
org.codehaus.jackson.map.ser.StdSerializers$DoubleSerializer -> org.codehaus.jackson.map.ser.StdSerializers$DoubleSerializer:
    org.codehaus.jackson.map.ser.StdSerializers$DoubleSerializer instance -> instance
    void serialize(java.lang.Double,org.codehaus.jackson.JsonGenerator,org.codehaus.jackson.map.SerializerProvider) -> serialize
    void serialize(java.lang.Object,org.codehaus.jackson.JsonGenerator,org.codehaus.jackson.map.SerializerProvider) -> serialize